[08/05/2023] - [20:53:25]: [+] admin has logged.
[08/05/2023] - [20:53:27]: [+] admin has opened 'Alta Servicio' window.
[08/05/2023] - [20:53:28]: [+] admin has closed 'Alta Servicio' window.
[08/05/2023] - [20:53:29]: [+] admin succesfully log out.
--------------------------------------------------------------------------------
[08/05/2023] - [20:53:58]: [+] admin has logged.
[08/05/2023] - [20:57:03]: [+] admin has logged.
[08/05/2023] - [20:57:05]: [+] admin succesfully log out.
--------------------------------------------------------------------------------
[08/05/2023] - [20:58:11]: [+] admin has logged.
[08/05/2023] - [20:58:15]: [+] admin succesfully log out.
--------------------------------------------------------------------------------
[08/05/2023] - [21:01:05]: [+] admin has logged.
[08/05/2023] - [21:01:08]: [+] admin succesfully log out.
--------------------------------------------------------------------------------
[08/05/2023] - [21:01:12]: [+] admin has logged.
[08/05/2023] - [21:01:14]: [+] admin succesfully log out.
--------------------------------------------------------------------------------
[08/05/2023] - [21:01:46]: [+] user has logged.
[08/05/2023] - [21:01:54]: [+] user succesfully log out.
--------------------------------------------------------------------------------
[08/05/2023] - [21:01:56]: [+] admin has logged.
[08/05/2023] - [21:01:58]: [+] admin succesfully log out.
--------------------------------------------------------------------------------
[10/05/2023] - [12:04:24]: [+] admin has logged.
[10/05/2023] - [12:04:26]: [+] admin succesfully log out.
--------------------------------------------------------------------------------
[10/05/2023] - [12:21:57]: [+] admin has logged.
[10/05/2023] - [12:21:58]: [+] admin succesfully log out.
--------------------------------------------------------------------------------
[10/05/2023] - [12:22:43]: [+] admin has logged.
[10/05/2023] - [12:22:43]: [+] admin succesfully log out.
--------------------------------------------------------------------------------
[10/05/2023] - [12:23:33]: [+] admin has logged.
[10/05/2023] - [12:23:34]: [+] admin succesfully log out.
--------------------------------------------------------------------------------
[10/05/2023] - [12:24:10]: [+] admin has logged.
[10/05/2023] - [12:24:11]: [+] admin succesfully log out.
--------------------------------------------------------------------------------
[10/05/2023] - [12:27:17]: [+] admin has logged.
[10/05/2023] - [12:27:18]: [+] admin succesfully log out.
--------------------------------------------------------------------------------
[10/05/2023] - [12:28:02]: [+] admin has logged.
[10/05/2023] - [12:28:04]: [+] admin succesfully log out.
--------------------------------------------------------------------------------
[10/05/2023] - [12:28:13]: [+] admin has logged.
[10/05/2023] - [12:28:15]: [+] admin succesfully log out.
--------------------------------------------------------------------------------
[10/05/2023] - [12:28:21]: [+] admin has logged.
[10/05/2023] - [12:28:22]: [+] admin succesfully log out.
--------------------------------------------------------------------------------
[10/05/2023] - [12:28:33]: [+] admin has logged.
[10/05/2023] - [12:28:35]: [+] admin succesfully log out.
--------------------------------------------------------------------------------
[10/05/2023] - [12:29:48]: [+] admin has logged.
[10/05/2023] - [12:30:29]: [+] admin has logged.
[10/05/2023] - [12:32:36]: [+] admin has logged.
[10/05/2023] - [12:32:37]: [+] admin succesfully log out.
--------------------------------------------------------------------------------
[10/05/2023] - [12:32:41]: [+] admin has logged.
[10/05/2023] - [12:33:34]: [+] admin has logged.
[10/05/2023] - [12:33:58]: [+] admin has logged.
[10/05/2023] - [12:34:00]: [+] admin succesfully log out.
--------------------------------------------------------------------------------
[10/05/2023] - [12:34:50]: [+] admin has logged.
[10/05/2023] - [12:35:04]: [+] admin has logged.
[10/05/2023] - [12:35:21]: [+] admin has logged.
